Flutter crash report.
Please report a bug at https://github.com/flutter/flutter/issues.

## command

flutter test test/ui/pages/shell/campaign_builder_feedback_review_test.dart

## exception

PathNotFoundException: PathNotFoundException: Cannot open file, path = 'build/unit_test_assets/assets/templates/prompt_template_it.md' (OS Error: No such file or directory, errno = 2)

```
#0      _File.throwIfError (dart:io/file_impl.dart:779:7)
#1      _File.openSync (dart:io/file_impl.dart:572:5)
#2      ForwardingFile.openSync (package:file/src/forwarding/forwarding_file.dart:74:16)
#3      ErrorHandlingFile.openSync.<anonymous closure> (package:flutter_tools/src/base/error_handling_io.dart:277:22)
#4      _runSync (package:flutter_tools/src/base/error_handling_io.dart:552:14)
#5      ErrorHandlingFile.openSync (package:flutter_tools/src/base/error_handling_io.dart:276:12)
#6      ErrorHandlingFile.copySync.<anonymous closure> (package:flutter_tools/src/base/error_handling_io.dart:319:29)
#7      _runSync (package:flutter_tools/src/base/error_handling_io.dart:552:14)
#8      ErrorHandlingFile.copySync (package:flutter_tools/src/base/error_handling_io.dart:313:5)
#9      writeBundle.<anonymous closure> (package:flutter_tools/src/bundle_builder.dart:215:19)
<asynchronous suspension>
#10     Future.wait.<anonymous closure> (dart:async/future.dart:546:21)
<asynchronous suspension>
#11     writeBundle (package:flutter_tools/src/bundle_builder.dart:171:3)
<asynchronous suspension>
#12     TestCommand._buildTestAsset (package:flutter_tools/src/commands/test.dart:791:7)
<asynchronous suspension>
#13     TestCommand.runCommand (package:flutter_tools/src/commands/test.dart:487:7)
<asynchronous suspension>
#14     FlutterCommand.run.<anonymous closure> (package:flutter_tools/src/runner/flutter_command.dart:1590:27)
<asynchronous suspension>
#15     AppContext.run.<anonymous closure> (package:flutter_tools/src/base/context.dart:154:19)
<asynchronous suspension>
#16     CommandRunner.runCommand (package:args/command_runner.dart:212:13)
<asynchronous suspension>
#17     FlutterCommandRunner.runCommand.<anonymous closure> (package:flutter_tools/src/runner/flutter_command_runner.dart:496:9)
<asynchronous suspension>
#18     AppContext.run.<anonymous closure> (package:flutter_tools/src/base/context.dart:154:19)
<asynchronous suspension>
#19     FlutterCommandRunner.runCommand (package:flutter_tools/src/runner/flutter_command_runner.dart:431:5)
<asynchronous suspension>
#20     FlutterCommandRunner.run.<anonymous closure> (package:flutter_tools/src/runner/flutter_command_runner.dart:307:33)
<asynchronous suspension>
#21     run.<anonymous closure>.<anonymous closure> (package:flutter_tools/runner.dart:104:11)
<asynchronous suspension>
#22     AppContext.run.<anonymous closure> (package:flutter_tools/src/base/context.dart:154:19)
<asynchronous suspension>
#23     main (package:flutter_tools/executable.dart:103:3)
<asynchronous suspension>
```

## flutter doctor

```
[✓] Flutter (Channel stable, 3.41.5, on macOS 15.7.3 24G419 darwin-arm64, locale en-US) [702ms]
    • Flutter version 3.41.5 on channel stable at /opt/homebrew/share/flutter
    • Upstream repository https://github.com/flutter/flutter.git
    • Framework revision 2c9eb20739 (13 days ago), 2026-03-17 16:14:01 -0700
    • Engine revision 052f31d115
    • Dart version 3.11.3
    • DevTools version 2.54.2
    • Feature flags: enable-web, enable-linux-desktop, enable-macos-desktop, enable-windows-desktop, enable-android, enable-ios, cli-animations, enable-native-assets, omit-legacy-version-file, enable-lldb-debugging, enable-uiscene-migration

[✓] Android toolchain - develop for Android devices (Android SDK version 36.1.0) [2.5s]
    • Android SDK at /Users/filippoziliotto/Library/Android/sdk
    • Emulator version 36.4.10.0 (build_id 15004761) (CL:N/A)
    • Platform android-36.1, build-tools 36.1.0
    • Java binary at: /Applications/Android Studio.app/Contents/jbr/Contents/Home/bin/java
      This is the JDK bundled with the latest Android Studio installation on this machine.
      To manually set the JDK path, use: `flutter config --jdk-dir="path/to/jdk"`.
    • Java version OpenJDK Runtime Environment (build 21.0.9+-14787801-b1163.94)
    • All Android licenses accepted.

[✓] Xcode - develop for iOS and macOS (Xcode 26.3) [1,903ms]
    • Xcode at /Applications/Xcode.app/Contents/Developer
    • Build 17C529
    • CocoaPods version 1.16.2

[✓] Chrome - develop for the web [4ms]
    • Chrome at /Applications/Google Chrome.app/Contents/MacOS/Google Chrome

[✓] Connected device (4 available) [6.9s]
    • SM A546B (mobile)      • R5CWA2S9XNZ                          • android-arm64  • Android 15 (API 35)
    • iPhone 17 Pro (mobile) • 7AA694B6-3C8D-4BB9-8313-7A9720860F49 • ios            • com.apple.CoreSimulator.SimRuntime.iOS-26-3 (simulator)
    • macOS (desktop)        • macos                                • darwin-arm64   • macOS 15.7.3 24G419 darwin-arm64
    • Chrome (web)           • chrome                               • web-javascript • Google Chrome 146.0.7680.165

[✓] Network resources [256ms]
    • All expected network resources are available.

• No issues found!
```
